<?xml version="1.0" encoding="UTF-8"?>
<!-- Generated by org.testng.reporters.JUnitReportReporter -->
<testsuite hostname="DESKTOP-I6BSOKI" failures="0" tests="2" name="maven.MutiTest" time="3.350" errors="0" timestamp="2023-12-30T14:39:29 GMT" skipped="0">
  <testcase classname="maven.MutiTest" name="SelectDropDown" time="0.710"/>
  <testcase classname="maven.MutiTest" name="AdvanceDropDown" time="2.640"/>
</testsuite> <!-- maven.MutiTest -->
