<?xml version="1.0" encoding="UTF-8"?>
<!-- Generated by org.testng.reporters.JUnitReportReporter -->
<testsuite hostname="DESKTOP-I6BSOKI" failures="0" tests="1" name="maven.TESTNG1SRTEST" time="15.472" errors="0" timestamp="2023-12-30T14:39:29 GMT" skipped="0">
  <testcase classname="maven.TESTNG1SRTEST" name="test1" time="15.472"/>
</testsuite> <!-- maven.TESTNG1SRTEST -->
