<?xml version="1.0" encoding="UTF-8"?>
<!-- Generated by org.testng.reporters.JUnitReportReporter -->
<testsuite hostname="DESKTOP-I6BSOKI" failures="0" tests="1" name="maven.MouseHovering" time="10.149" errors="0" timestamp="2023-12-30T14:39:29 GMT" skipped="0">
  <testcase classname="maven.MouseHovering" name="MH" time="10.149"/>
</testsuite> <!-- maven.MouseHovering -->
